<?xml version="1.0" encoding="UTF-8"?>
<testng-results skipped="0" failed="0" total="1" passed="1">
  <reporter-output>
  </reporter-output>
  <suite name="Default suite" duration-ms="37595" started-at="2013-01-21T03:50:22Z" finished-at="2013-01-21T03:50:59Z">
    <groups>
    </groups>
    <test name="Default test" duration-ms="37595" started-at="2013-01-21T03:50:22Z" finished-at="2013-01-21T03:50:59Z">
      <class name="com.mac.example.Seltest">
        <test-method status="PASS" signature="setUp()[pri:0, instance:com.mac.example.Seltest@1749757]" name="setUp" is-config="true" duration-ms="26392" started-at="2013-01-20T22:50:22Z" finished-at="2013-01-20T22:50:48Z">
          <reporter-output>
          </reporter-output>
        </test-method> <!-- setUp -->
        <test-method status="PASS" signature="testDataProviderExample()[pri:0, instance:com.mac.example.Seltest@1749757]" name="testDataProviderExample" duration-ms="10851" started-at="2013-01-20T22:50:48Z" finished-at="2013-01-20T22:50:59Z">
          <reporter-output>
          </reporter-output>
        </test-method> <!-- testDataProviderExample -->
        <test-method status="PASS" signature="tearDown()[pri:0, instance:com.mac.example.Seltest@1749757]" name="tearDown" is-config="true" duration-ms="342" started-at="2013-01-20T22:50:59Z" finished-at="2013-01-20T22:50:59Z">
          <reporter-output>
          </reporter-output>
        </test-method> <!-- tearDown -->
      </class> <!-- com.mac.example.Seltest -->
    </test> <!-- Default test -->
  </suite> <!-- Default suite -->
</testng-results>
